<?xml version="1.0" encoding="UTF-8"?>
<coverage generated="1661153655053" clover="3.2.0">
  <project timestamp="1661153655055" name="All files">
    <metrics statements="22" coveredstatements="22" conditionals="4" coveredconditionals="4" methods="7" coveredmethods="7" elements="33" coveredelements="33" complexity="0" loc="22" ncloc="22" packages="1" files="2" classes="2"/>
    <file name="functions.js" path="/app/functions.js">
      <metrics statements="7" coveredstatements="7" conditionals="2" coveredconditionals="2" methods="2" coveredmethods="2"/>
      <line num="1" count="1" type="stmt"/>
      <line num="2" count="1" type="stmt"/>
      <line num="5" count="6" type="stmt"/>
      <line num="7" count="6" type="cond" truecount="2" falsecount="0"/>
      <line num="8" count="2" type="stmt"/>
      <line num="11" count="4" type="stmt"/>
      <line num="16" count="1" type="stmt"/>
    </file>
    <file name="homework.js" path="/app/homework.js">
      <metrics statements="15" coveredstatements="15" conditionals="2" coveredconditionals="2" methods="5" coveredmethods="5"/>
      <line num="1" count="1" type="stmt"/>
      <line num="2" count="16" type="stmt"/>
      <line num="4" count="16" type="stmt"/>
      <line num="5" count="290" type="cond" truecount="2" falsecount="0"/>
      <line num="6" count="58" type="stmt"/>
      <line num="10" count="16" type="stmt"/>
      <line num="13" count="1" type="stmt"/>
      <line num="14" count="6" type="stmt"/>
      <line num="15" count="6" type="stmt"/>
      <line num="16" count="6" type="stmt"/>
      <line num="18" count="24" type="stmt"/>
      <line num="22" count="22" type="stmt"/>
      <line num="26" count="6" type="stmt"/>
      <line num="27" count="54" type="stmt"/>
      <line num="31" count="1" type="stmt"/>
    </file>
  </project>
</coverage>
