TN:
SF:functions.js
FN:1,(anonymous_0)
FN:4,(anonymous_1)
FNF:2
FNH:2
FNDA:1,(anonymous_0)
FNDA:6,(anonymous_1)
DA:1,1
DA:2,1
DA:5,6
DA:7,6
DA:8,2
DA:11,4
DA:16,1
LF:7
LH:7
BRDA:7,0,0,2
BRDA:7,0,1,4
BRF:2
BRH:2
end_of_record
TN:
SF:homework.js
FN:1,(anonymous_0)
FN:13,(anonymous_1)
FN:17,(anonymous_2)
FN:21,(anonymous_3)
FN:26,(anonymous_4)
FNF:5
FNH:5
FNDA:16,(anonymous_0)
FNDA:6,(anonymous_1)
FNDA:24,(anonymous_2)
FNDA:22,(anonymous_3)
FNDA:54,(anonymous_4)
DA:1,1
DA:2,16
DA:4,16
DA:5,290
DA:6,58
DA:10,16
DA:13,1
DA:14,6
DA:15,6
DA:16,6
DA:18,24
DA:22,22
DA:26,6
DA:27,54
DA:31,1
LF:15
LH:15
BRDA:5,0,0,58
BRDA:5,0,1,232
BRF:2
BRH:2
end_of_record
